  bmpfuncs.cpp
d:\학교\3-2\컴퓨터 그래픽스\학기 프로젝트\project\project\bmpfuncs.cpp(19): warning C4996: 'fopen': This function or variable may be unsafe. Consider using fopen_s instead. To disable deprecation, use _CRT_SECURE_NO_WARNINGS. See online help for details.
  c:\program files (x86)\windows kits\10\include\10.0.17763.0\ucrt\stdio.h(208): note: 'fopen' 선언을 참조하십시오.
d:\학교\3-2\컴퓨터 그래픽스\학기 프로젝트\project\project\bmpfuncs.cpp(43): warning C4996: 'fopen': This function or variable may be unsafe. Consider using fopen_s instead. To disable deprecation, use _CRT_SECURE_NO_WARNINGS. See online help for details.
  c:\program files (x86)\windows kits\10\include\10.0.17763.0\ucrt\stdio.h(208): note: 'fopen' 선언을 참조하십시오.
d:\학교\3-2\컴퓨터 그래픽스\학기 프로젝트\project\project\bmpfuncs.cpp(92): warning C4996: 'fopen': This function or variable may be unsafe. Consider using fopen_s instead. To disable deprecation, use _CRT_SECURE_NO_WARNINGS. See online help for details.
  c:\program files (x86)\windows kits\10\include\10.0.17763.0\ucrt\stdio.h(208): note: 'fopen' 선언을 참조하십시오.
d:\학교\3-2\컴퓨터 그래픽스\학기 프로젝트\project\project\bmpfuncs.cpp(163): warning C4996: 'fopen': This function or variable may be unsafe. Consider using fopen_s instead. To disable deprecation, use _CRT_SECURE_NO_WARNINGS. See online help for details.
  c:\program files (x86)\windows kits\10\include\10.0.17763.0\ucrt\stdio.h(208): note: 'fopen' 선언을 참조하십시오.
  main.cpp
d:\학교\3-2\컴퓨터 그래픽스\학기 프로젝트\project\project\objparser.h(180): warning C4477: 'fprintf' : 서식 문자열 '%s'에 'char *' 형식의 인수가 필요하지만 variadic 인수 1의 형식이 'std::basic_string<char,std::char_traits<char>,std::allocator<char>>'입니다.
d:\학교\3-2\컴퓨터 그래픽스\학기 프로젝트\project\project\objparser.h(183): warning C4018: '<': signed 또는 unsigned가 일치하지 않습니다.
d:\학교\3-2\컴퓨터 그래픽스\학기 프로젝트\project\project\objparser.h(187): warning C4018: '<': signed 또는 unsigned가 일치하지 않습니다.
d:\학교\3-2\컴퓨터 그래픽스\학기 프로젝트\project\project\objparser.h(191): warning C4018: '<': signed 또는 unsigned가 일치하지 않습니다.
d:\학교\3-2\컴퓨터 그래픽스\학기 프로젝트\project\project\objparser.h(195): warning C4018: '<': signed 또는 unsigned가 일치하지 않습니다.
  코드를 생성하고 있습니다...
main.obj : error LNK2019: __imp__glutInitWindowPosition@8 외부 기호(참조 위치: _main 함수)에서 확인하지 못했습니다.
main.obj : error LNK2019: __imp__glutInitWindowSize@8 외부 기호(참조 위치: _main 함수)에서 확인하지 못했습니다.
main.obj : error LNK2019: __imp__glutInitDisplayMode@4 외부 기호(참조 위치: _main 함수)에서 확인하지 못했습니다.
main.obj : error LNK2019: __imp__glutMainLoop@0 외부 기호(참조 위치: _main 함수)에서 확인하지 못했습니다.
main.obj : error LNK2019: __imp__glutPostRedisplay@0 외부 기호(참조 위치: "void __cdecl draw_obj(class ObjParser *)" (?draw_obj@@YAXPAVObjParser@@@Z) 함수)에서 확인하지 못했습니다.
main.obj : error LNK2019: __imp__glutSwapBuffers@0 외부 기호(참조 위치: "void __cdecl draw(void)" (?draw@@YAXXZ) 함수)에서 확인하지 못했습니다.
main.obj : error LNK2019: __imp__glutReshapeFunc@4 외부 기호(참조 위치: _main 함수)에서 확인하지 못했습니다.
main.obj : error LNK2019: __imp__glutDisplayFunc@4 외부 기호(참조 위치: _main 함수)에서 확인하지 못했습니다.
main.obj : error LNK2019: __imp____glutInitWithExit@12 외부 기호(참조 위치: _glutInit_ATEXIT_HACK@8 함수)에서 확인하지 못했습니다.
main.obj : error LNK2019: __imp____glutCreateWindowWithExit@8 외부 기호(참조 위치: _glutCreateWindow_ATEXIT_HACK@4 함수)에서 확인하지 못했습니다.
freeglut.lib : warning LNK4272: 'x64' 라이브러리 컴퓨터 종류가 'x86' 대상 컴퓨터 종류와 충돌합니다.
D:\학교\3-2\컴퓨터 그래픽스\학기 프로젝트\Project\Debug\Project.exe : fatal error LNK1120: 10개의 확인할 수 없는 외부 참조입니다.
